Arguments: 
  /usr/local/bin/node /usr/share/yarn/bin/yarn.js

PATH: 
  /usr/local/sbin:/usr/local/bin:/usr/sbin:/usr/bin:/sbin:/bin:/usr/games:/usr/local/games:/snap/bin

Yarn version: 
  1.3.2

Node version: 
  8.9.1

Platform: 
  linux x64

npm manifest: 
  {
    "name": "tutorial",
    "version": "1.0.0",
    "description": "",
    "main": "index.js",
    "scripts": {
      "start-local": "webpack-dev-server --inline --content-base . --history-api-fallback",
      "start": "if-env NODE_ENV=production && npm run start:prod || npm run start:dev",
      "start:dev": "webpack-dev-server --inline --content-base public --history-api-fallback",
      "start:prod": "webpack && node server.js"
    },
    "author": "",
    "license": "ISC",
    "dependencies": {
      "compression": "^1.7.1",
      "express": "^4.16.1",
      "if-env": "^1.0.0",
      "react": "^0.14.7",
      "react-dom": "^0.14.7",
      "react-router": "^2.0.0"
    },
    "devDependencies": {
      "babel-core": "^6.5.1",
      "babel-loader": "^6.2.2",
      "babel-preset-es2015": "^6.5.0",
      "babel-preset-react": "^6.5.0",
      "css-loader": "^0.28.7",
      "file-loader": "^1.1.5",
      "http-server": "^0.8.5",
      "style-loader": "^0.19.0",
      "url-loader": "^0.6.2",
      "webpack": "^1.12.13",
      "webpack-dev-server": "^1.14.1"
    }
  }

yarn manifest: 
  No manifest

Lockfile: 
  No lockfile

Trace: 
  Error: https://registry.yarnpkg.com/compressible: ETIMEDOUT
      at Timeout._onTimeout (/usr/share/yarn/lib/cli.js:123749:19)
      at ontimeout (timers.js:475:11)
      at tryOnTimeout (timers.js:310:5)
      at Timer.listOnTimeout (timers.js:270:5)
